# JRE version: Java(TM) SE Runtime Environment (17.0.10+11) (build 17.0.10+11-LTS-240)
# Java VM: Java HotSpot(TM) 64-Bit Server VM (17.0.10+11-LTS-240, mixed mode, sharing, tiered, compressed oops, compressed class ptrs, g1 gc, windows-amd64)
GC Precious Log:
 CPUs: 4 total, 4 available
 Memory: 7834M
 Large Page Support: Disabled
 NUMA Support: Disabled
 Compressed Oops: Enabled (32-bit)
 Heap Region Size: 1M
 Heap Min Capacity: 8M
 Heap Initial Capacity: 124M
 Heap Max Capacity: 1960M
 Pre-touch: Disabled
 Parallel Workers: 4
 Concurrent Workers: 1
 Concurrent Refinement Workers: 4
 Periodic GC: Disabled
Heap:
 garbage-first heap   total 81920K, used 41506K [0x0000000085800000, 0x0000000100000000)
  region size 1024K, 14 young (14336K), 2 survivors (2048K)
 Metaspace       used 59763K, committed 60288K, reserved 1114112K
  class space    used 7229K, committed 7488K, reserved 1048576K
GC Heap History (20 events):
Event: 1.992 GC heap before
{Heap before GC invocations=3 (full 0):
 garbage-first heap   total 126976K, used 61379K [0x0000000085800000, 0x0000000100000000)
  region size 1024K, 53 young (54272K), 3 survivors (3072K)
 Metaspace       used 20712K, committed 21120K, reserved 1114112K
  class space    used 2565K, committed 2752K, reserved 1048576K
}
Event: 2.002 GC heap after
{Heap after GC invocations=4 (full 0):
 garbage-first heap   total 126976K, used 15192K [0x0000000085800000, 0x0000000100000000)
  region size 1024K, 7 young (7168K), 7 survivors (7168K)
 Metaspace       used 20712K, committed 21120K, reserved 1114112K
  class space    used 2565K, committed 2752K, reserved 1048576K
}
Event: 2.121 GC heap before
{Heap before GC invocations=4 (full 0):
 garbage-first heap   total 126976K, used 20312K [0x0000000085800000, 0x0000000100000000)
  region size 1024K, 13 young (13312K), 7 survivors (7168K)
 Metaspace       used 21146K, committed 21504K, reserved 1114112K
  class space    used 2623K, committed 2816K, reserved 1048576K
}
Event: 2.131 GC heap after
{Heap after GC invocations=5 (full 0):
 garbage-first heap   total 126976K, used 14899K [0x0000000085800000, 0x0000000100000000)
  region size 1024K, 5 young (5120K), 5 survivors (5120K)
 Metaspace       used 21146K, committed 21504K, reserved 1114112K
  class space    used 2623K, committed 2816K, reserved 1048576K
}
Event: 2.930 GC heap before
{Heap before GC invocations=6 (full 0):
 garbage-first heap   total 58368K, used 43571K [0x0000000085800000, 0x0000000100000000)
  region size 1024K, 34 young (34816K), 5 survivors (5120K)
 Metaspace       used 25833K, committed 26176K, reserved 1114112K
  class space    used 3235K, committed 3392K, reserved 1048576K
}
Event: 2.941 GC heap after
{Heap after GC invocations=7 (full 0):
 garbage-first heap   total 58368K, used 17408K [0x0000000085800000, 0x0000000100000000)
  region size 1024K, 3 young (3072K), 3 survivors (3072K)
 Metaspace       used 25833K, committed 26176K, reserved 1114112K
  class space    used 3235K, committed 3392K, reserved 1048576K
}
Event: 2.965 GC heap before
{Heap before GC invocations=7 (full 0):
 garbage-first heap   total 58368K, used 18432K [0x0000000085800000, 0x0000000100000000)
  region size 1024K, 4 young (4096K), 3 survivors (3072K)
 Metaspace       used 26021K, committed 26432K, reserved 1114112K
  class space    used 3263K, committed 3456K, reserved 1048576K
}
Event: 2.971 GC heap after
{Heap after GC invocations=8 (full 0):
 garbage-first heap   total 58368K, used 18042K [0x0000000085800000, 0x0000000100000000)
  region size 1024K, 1 young (1024K), 1 survivors (1024K)
 Metaspace       used 26021K, committed 26432K, reserved 1114112K
  class space    used 3263K, committed 3456K, reserved 1048576K
}
Event: 3.821 GC heap before
{Heap before GC invocations=8 (full 0):
 garbage-first heap   total 58368K, used 42618K [0x0000000085800000, 0x0000000100000000)
  region size 1024K, 24 young (24576K), 1 survivors (1024K)
 Metaspace       used 31240K, committed 31680K, reserved 1114112K
  class space    used 3957K, committed 4160K, reserved 1048576K
}
Event: 3.829 GC heap after
{Heap after GC invocations=9 (full 0):
 garbage-first heap   total 93184K, used 20037K [0x0000000085800000, 0x0000000100000000)
  region size 1024K, 3 young (3072K), 3 survivors (3072K)
 Metaspace       used 31240K, committed 31680K, reserved 1114112K
  class space    used 3957K, committed 4160K, reserved 1048576K
}
Event: 4.323 GC heap before
{Heap before GC invocations=9 (full 0):
 garbage-first heap   total 93184K, used 37445K [0x0000000085800000, 0x0000000100000000)
  region size 1024K, 21 young (21504K), 3 survivors (3072K)
 Metaspace       used 35665K, committed 36096K, reserved 1114112K
  class space    used 4369K, committed 4608K, reserved 1048576K
}
Event: 4.328 GC heap after
{Heap after GC invocations=10 (full 0):
 garbage-first heap   total 93184K, used 21884K [0x0000000085800000, 0x0000000100000000)
  region size 1024K, 5 young (5120K), 5 survivors (5120K)
 Metaspace       used 35665K, committed 36096K, reserved 1114112K
  class space    used 4369K, committed 4608K, reserved 1048576K
}
Event: 5.625 GC heap before
{Heap before GC invocations=11 (full 0):
 garbage-first heap   total 81920K, used 65916K [0x0000000085800000, 0x0000000100000000)
  region size 1024K, 48 young (49152K), 5 survivors (5120K)
 Metaspace       used 44951K, committed 45376K, reserved 1114112K
  class space    used 5729K, committed 5952K, reserved 1048576K
}
Event: 5.635 GC heap after
{Heap after GC invocations=12 (full 0):
 garbage-first heap   total 81920K, used 25995K [0x0000000085800000, 0x0000000100000000)
  region size 1024K, 6 young (6144K), 6 survivors (6144K)
 Metaspace       used 44951K, committed 45376K, reserved 1114112K
  class space    used 5729K, committed 5952K, reserved 1048576K
}
Event: 5.669 GC heap before
{Heap before GC invocations=12 (full 0):
 garbage-first heap   total 81920K, used 27019K [0x0000000085800000, 0x0000000100000000)
  region size 1024K, 7 young (7168K), 6 survivors (6144K)
 Metaspace       used 45058K, committed 45632K, reserved 1114112K
  class space    used 5750K, committed 6016K, reserved 1048576K
}
Event: 5.676 GC heap after
{Heap after GC invocations=13 (full 0):
 garbage-first heap   total 81920K, used 26200K [0x0000000085800000, 0x0000000100000000)
  region size 1024K, 1 young (1024K), 1 survivors (1024K)
 Metaspace       used 45058K, committed 45632K, reserved 1114112K
  class space    used 5750K, committed 6016K, reserved 1048576K
}
Event: 6.446 GC heap before
{Heap before GC invocations=13 (full 0):
 garbage-first heap   total 81920K, used 61016K [0x0000000085800000, 0x0000000100000000)
  region size 1024K, 35 young (35840K), 1 survivors (1024K)
 Metaspace       used 52550K, committed 52992K, reserved 1114112K
  class space    used 6727K, committed 6912K, reserved 1048576K
}
Event: 6.451 GC heap after
{Heap after GC invocations=14 (full 0):
 garbage-first heap   total 81920K, used 28684K [0x0000000085800000, 0x0000000100000000)
  region size 1024K, 4 young (4096K), 4 survivors (4096K)
 Metaspace       used 52550K, committed 52992K, reserved 1114112K
  class space    used 6727K, committed 6912K, reserved 1048576K
}
Event: 135.461 GC heap before
{Heap before GC invocations=14 (full 0):
 garbage-first heap   total 81920K, used 60428K [0x0000000085800000, 0x0000000100000000)
  region size 1024K, 36 young (36864K), 4 survivors (4096K)
 Metaspace       used 59576K, committed 60096K, reserved 1114112K
  class space    used 7229K, committed 7488K, reserved 1048576K
}
Event: 135.493 GC heap after
{Heap after GC invocations=15 (full 0):
 garbage-first heap   total 81920K, used 30242K [0x0000000085800000, 0x0000000100000000)
  region size 1024K, 2 young (2048K), 2 survivors (2048K)
 Metaspace       used 59576K, committed 60096K, reserved 1114112K
  class space    used 7229K, committed 7488K, reserved 1048576K
}

