# JRE version: Java(TM) SE Runtime Environment (17.0.10+11) (build 17.0.10+11-LTS-240)
# Java VM: Java HotSpot(TM) 64-Bit Server VM (17.0.10+11-LTS-240, mixed mode, sharing, tiered, compressed oops, compressed class ptrs, g1 gc, windows-amd64)
GC Precious Log:
 CPUs: 4 total, 4 available
 Memory: 16026M
 Large Page Support: Disabled
 NUMA Support: Disabled
 Compressed Oops: Enabled (Zero based)
 Heap Region Size: 2M
 Heap Min Capacity: 8M
 Heap Initial Capacity: 252M
 Heap Max Capacity: 4008M
 Pre-touch: Disabled
 Parallel Workers: 4
 Concurrent Workers: 1
 Concurrent Refinement Workers: 4
 Periodic GC: Disabled
Heap:
 garbage-first heap   total 233472K, used 127435K [0x0000000705800000, 0x0000000800000000)
  region size 2048K, 32 young (65536K), 0 survivors (0K)
 Metaspace       used 122910K, committed 123648K, reserved 1179648K
  class space    used 16039K, committed 16384K, reserved 1048576K
GC Heap History (20 events):
Event: 9.264 GC heap before
{Heap before GC invocations=18 (full 0):
 garbage-first heap   total 108544K, used 82795K [0x0000000705800000, 0x0000000800000000)
  region size 2048K, 20 young (40960K), 2 survivors (4096K)
 Metaspace       used 78606K, committed 79168K, reserved 1179648K
  class space    used 10642K, committed 10880K, reserved 1048576K
}
Event: 9.293 GC heap after
{Heap after GC invocations=19 (full 0):
 garbage-first heap   total 108544K, used 64044K [0x0000000705800000, 0x0000000800000000)
  region size 2048K, 3 young (6144K), 3 survivors (6144K)
 Metaspace       used 78606K, committed 79168K, reserved 1179648K
  class space    used 10642K, committed 10880K, reserved 1048576K
}
Event: 9.305 GC heap before
{Heap before GC invocations=19 (full 0):
 garbage-first heap   total 108544K, used 64044K [0x0000000705800000, 0x0000000800000000)
  region size 2048K, 4 young (8192K), 3 survivors (6144K)
 Metaspace       used 78606K, committed 79168K, reserved 1179648K
  class space    used 10642K, committed 10880K, reserved 1048576K
}
Event: 9.320 GC heap after
{Heap after GC invocations=20 (full 0):
 garbage-first heap   total 108544K, used 66383K [0x0000000705800000, 0x0000000800000000)
  region size 2048K, 1 young (2048K), 1 survivors (2048K)
 Metaspace       used 78606K, committed 79168K, reserved 1179648K
  class space    used 10642K, committed 10880K, reserved 1048576K
}
Event: 9.395 GC heap before
{Heap before GC invocations=20 (full 0):
 garbage-first heap   total 108544K, used 80719K [0x0000000705800000, 0x0000000800000000)
  region size 2048K, 7 young (14336K), 1 survivors (2048K)
 Metaspace       used 78646K, committed 79232K, reserved 1179648K
  class space    used 10645K, committed 10880K, reserved 1048576K
}
Event: 9.400 GC heap after
{Heap after GC invocations=21 (full 0):
 garbage-first heap   total 108544K, used 73004K [0x0000000705800000, 0x0000000800000000)
  region size 2048K, 1 young (2048K), 1 survivors (2048K)
 Metaspace       used 78646K, committed 79232K, reserved 1179648K
  class space    used 10645K, committed 10880K, reserved 1048576K
}
Event: 9.443 GC heap before
{Heap before GC invocations=21 (full 0):
 garbage-first heap   total 131072K, used 81196K [0x0000000705800000, 0x0000000800000000)
  region size 2048K, 5 young (10240K), 1 survivors (2048K)
 Metaspace       used 78646K, committed 79232K, reserved 1179648K
  class space    used 10645K, committed 10880K, reserved 1048576K
}
Event: 9.449 GC heap after
{Heap after GC invocations=22 (full 0):
 garbage-first heap   total 131072K, used 76480K [0x0000000705800000, 0x0000000800000000)
  region size 2048K, 1 young (2048K), 1 survivors (2048K)
 Metaspace       used 78646K, committed 79232K, reserved 1179648K
  class space    used 10645K, committed 10880K, reserved 1048576K
}
Event: 9.485 GC heap before
{Heap before GC invocations=23 (full 0):
 garbage-first heap   total 131072K, used 82624K [0x0000000705800000, 0x0000000800000000)
  region size 2048K, 5 young (10240K), 1 survivors (2048K)
 Metaspace       used 78646K, committed 79232K, reserved 1179648K
  class space    used 10645K, committed 10880K, reserved 1048576K
}
Event: 9.492 GC heap after
{Heap after GC invocations=24 (full 0):
 garbage-first heap   total 131072K, used 78755K [0x0000000705800000, 0x0000000800000000)
  region size 2048K, 2 young (4096K), 2 survivors (4096K)
 Metaspace       used 78646K, committed 79232K, reserved 1179648K
  class space    used 10645K, committed 10880K, reserved 1048576K
}
Event: 9.765 GC heap before
{Heap before GC invocations=25 (full 0):
 garbage-first heap   total 157696K, used 99235K [0x0000000705800000, 0x0000000800000000)
  region size 2048K, 11 young (22528K), 2 survivors (4096K)
 Metaspace       used 79680K, committed 80256K, reserved 1179648K
  class space    used 10772K, committed 11008K, reserved 1048576K
}
Event: 9.781 GC heap after
{Heap after GC invocations=26 (full 0):
 garbage-first heap   total 157696K, used 90470K [0x0000000705800000, 0x0000000800000000)
  region size 2048K, 2 young (4096K), 2 survivors (4096K)
 Metaspace       used 79680K, committed 80256K, reserved 1179648K
  class space    used 10772K, committed 11008K, reserved 1048576K
}
Event: 9.826 GC heap before
{Heap before GC invocations=26 (full 0):
 garbage-first heap   total 157696K, used 92518K [0x0000000705800000, 0x0000000800000000)
  region size 2048K, 3 young (6144K), 2 survivors (4096K)
 Metaspace       used 80058K, committed 80704K, reserved 1179648K
  class space    used 10842K, committed 11136K, reserved 1048576K
}
Event: 9.836 GC heap after
{Heap after GC invocations=27 (full 0):
 garbage-first heap   total 430080K, used 87803K [0x0000000705800000, 0x0000000800000000)
  region size 2048K, 1 young (2048K), 1 survivors (2048K)
 Metaspace       used 80058K, committed 80704K, reserved 1179648K
  class space    used 10842K, committed 11136K, reserved 1048576K
}
Event: 11.674 GC heap before
{Heap before GC invocations=27 (full 0):
 garbage-first heap   total 430080K, used 229115K [0x0000000705800000, 0x0000000800000000)
  region size 2048K, 70 young (143360K), 1 survivors (2048K)
 Metaspace       used 94791K, committed 95424K, reserved 1179648K
  class space    used 12949K, committed 13248K, reserved 1048576K
}
Event: 11.686 GC heap after
{Heap after GC invocations=28 (full 0):
 garbage-first heap   total 430080K, used 94504K [0x0000000705800000, 0x0000000800000000)
  region size 2048K, 4 young (8192K), 4 survivors (8192K)
 Metaspace       used 94791K, committed 95424K, reserved 1179648K
  class space    used 12949K, committed 13248K, reserved 1048576K
}
Event: 512.768 GC heap before
{Heap before GC invocations=28 (full 0):
 garbage-first heap   total 430080K, used 297256K [0x0000000705800000, 0x0000000800000000)
  region size 2048K, 103 young (210944K), 4 survivors (8192K)
 Metaspace       used 120638K, committed 121280K, reserved 1179648K
  class space    used 15810K, committed 16128K, reserved 1048576K
}
Event: 512.789 GC heap after
{Heap after GC invocations=29 (full 0):
 garbage-first heap   total 430080K, used 101620K [0x0000000705800000, 0x0000000800000000)
  region size 2048K, 8 young (16384K), 8 survivors (16384K)
 Metaspace       used 120638K, committed 121280K, reserved 1179648K
  class space    used 15810K, committed 16128K, reserved 1048576K
}
Event: 1694.494 GC heap before
{Heap before GC invocations=29 (full 0):
 garbage-first heap   total 430080K, used 244980K [0x0000000705800000, 0x0000000800000000)
  region size 2048K, 79 young (161792K), 8 survivors (16384K)
 Metaspace       used 122631K, committed 123456K, reserved 1179648K
  class space    used 16022K, committed 16384K, reserved 1048576K
}
Event: 1694.612 GC heap after
{Heap after GC invocations=30 (full 1):
 garbage-first heap   total 233472K, used 65995K [0x0000000705800000, 0x0000000800000000)
  region size 2048K, 0 young (0K), 0 survivors (0K)
 Metaspace       used 122627K, committed 123456K, reserved 1179648K
  class space    used 16022K, committed 16384K, reserved 1048576K
}

