# JRE version: Java(TM) SE Runtime Environment (17.0.10+11) (build 17.0.10+11-LTS-240)
# Java VM: Java HotSpot(TM) 64-Bit Server VM (17.0.10+11-LTS-240, mixed mode, sharing, tiered, compressed oops, compressed class ptrs, g1 gc, windows-amd64)
GC Precious Log:
 CPUs: 4 total, 4 available
 Memory: 16026M
 Large Page Support: Disabled
 NUMA Support: Disabled
 Compressed Oops: Enabled (Zero based)
 Heap Region Size: 2M
 Heap Min Capacity: 8M
 Heap Initial Capacity: 252M
 Heap Max Capacity: 4008M
 Pre-touch: Disabled
 Parallel Workers: 4
 Concurrent Workers: 1
 Concurrent Refinement Workers: 4
 Periodic GC: Disabled
Heap:
 garbage-first heap   total 81920K, used 41442K [0x0000000705800000, 0x0000000800000000)
  region size 2048K, 10 young (20480K), 2 survivors (4096K)
 Metaspace       used 59166K, committed 59712K, reserved 1114112K
  class space    used 6972K, committed 7232K, reserved 1048576K
GC Heap History (20 events):
Event: 5.176 GC heap before
{Heap before GC invocations=11 (full 0):
 garbage-first heap   total 81920K, used 63965K [0x0000000705800000, 0x0000000800000000)
  region size 2048K, 24 young (49152K), 3 survivors (6144K)
 Metaspace       used 44232K, committed 44800K, reserved 1114112K
  class space    used 5536K, committed 5824K, reserved 1048576K
}
Event: 5.183 GC heap after
{Heap after GC invocations=12 (full 0):
 garbage-first heap   total 81920K, used 23911K [0x0000000705800000, 0x0000000800000000)
  region size 2048K, 3 young (6144K), 3 survivors (6144K)
 Metaspace       used 44232K, committed 44800K, reserved 1114112K
  class space    used 5536K, committed 5824K, reserved 1048576K
}
Event: 5.221 GC heap before
{Heap before GC invocations=12 (full 0):
 garbage-first heap   total 81920K, used 25959K [0x0000000705800000, 0x0000000800000000)
  region size 2048K, 4 young (8192K), 3 survivors (6144K)
 Metaspace       used 44934K, committed 45504K, reserved 1114112K
  class space    used 5605K, committed 5888K, reserved 1048576K
}
Event: 5.226 GC heap after
{Heap after GC invocations=13 (full 0):
 garbage-first heap   total 81920K, used 24707K [0x0000000705800000, 0x0000000800000000)
  region size 2048K, 1 young (2048K), 1 survivors (2048K)
 Metaspace       used 44934K, committed 45504K, reserved 1114112K
  class space    used 5605K, committed 5888K, reserved 1048576K
}
Event: 74.536 GC heap before
{Heap before GC invocations=13 (full 0):
 garbage-first heap   total 81920K, used 57475K [0x0000000705800000, 0x0000000800000000)
  region size 2048K, 18 young (36864K), 1 survivors (2048K)
 Metaspace       used 53474K, committed 53952K, reserved 1114112K
  class space    used 6417K, committed 6656K, reserved 1048576K
}
Event: 74.539 GC heap after
{Heap after GC invocations=14 (full 0):
 garbage-first heap   total 81920K, used 25784K [0x0000000705800000, 0x0000000800000000)
  region size 2048K, 2 young (4096K), 2 survivors (4096K)
 Metaspace       used 53474K, committed 53952K, reserved 1114112K
  class space    used 6417K, committed 6656K, reserved 1048576K
}
Event: 384.013 GC heap before
{Heap before GC invocations=14 (full 0):
 garbage-first heap   total 81920K, used 60600K [0x0000000705800000, 0x0000000800000000)
  region size 2048K, 19 young (38912K), 2 survivors (4096K)
 Metaspace       used 58525K, committed 59008K, reserved 1114112K
  class space    used 6961K, committed 7168K, reserved 1048576K
}
Event: 384.024 GC heap after
{Heap after GC invocations=15 (full 0):
 garbage-first heap   total 81920K, used 26903K [0x0000000705800000, 0x0000000800000000)
  region size 2048K, 2 young (4096K), 2 survivors (4096K)
 Metaspace       used 58525K, committed 59008K, reserved 1114112K
  class space    used 6961K, committed 7168K, reserved 1048576K
}
Event: 1072.337 GC heap before
{Heap before GC invocations=15 (full 0):
 garbage-first heap   total 81920K, used 61719K [0x0000000705800000, 0x0000000800000000)
  region size 2048K, 19 young (38912K), 2 survivors (4096K)
 Metaspace       used 58715K, committed 59264K, reserved 1114112K
  class space    used 6964K, committed 7232K, reserved 1048576K
}
Event: 1072.341 GC heap after
{Heap after GC invocations=16 (full 0):
 garbage-first heap   total 81920K, used 26995K [0x0000000705800000, 0x0000000800000000)
  region size 2048K, 2 young (4096K), 2 survivors (4096K)
 Metaspace       used 58715K, committed 59264K, reserved 1114112K
  class space    used 6964K, committed 7232K, reserved 1048576K
}
Event: 1763.392 GC heap before
{Heap before GC invocations=16 (full 0):
 garbage-first heap   total 81920K, used 63859K [0x0000000705800000, 0x0000000800000000)
  region size 2048K, 20 young (40960K), 2 survivors (4096K)
 Metaspace       used 58750K, committed 59328K, reserved 1114112K
  class space    used 6964K, committed 7232K, reserved 1048576K
}
Event: 1763.397 GC heap after
{Heap after GC invocations=17 (full 0):
 garbage-first heap   total 81920K, used 27045K [0x0000000705800000, 0x0000000800000000)
  region size 2048K, 2 young (4096K), 2 survivors (4096K)
 Metaspace       used 58750K, committed 59328K, reserved 1114112K
  class space    used 6964K, committed 7232K, reserved 1048576K
}
Event: 2383.306 GC heap before
{Heap before GC invocations=17 (full 0):
 garbage-first heap   total 81920K, used 65957K [0x0000000705800000, 0x0000000800000000)
  region size 2048K, 21 young (43008K), 2 survivors (4096K)
 Metaspace       used 58791K, committed 59328K, reserved 1114112K
  class space    used 6964K, committed 7232K, reserved 1048576K
}
Event: 2383.313 GC heap after
{Heap after GC invocations=18 (full 0):
 garbage-first heap   total 81920K, used 27014K [0x0000000705800000, 0x0000000800000000)
  region size 2048K, 2 young (4096K), 2 survivors (4096K)
 Metaspace       used 58791K, committed 59328K, reserved 1114112K
  class space    used 6964K, committed 7232K, reserved 1048576K
}
Event: 3078.506 GC heap before
{Heap before GC invocations=18 (full 0):
 garbage-first heap   total 81920K, used 65926K [0x0000000705800000, 0x0000000800000000)
  region size 2048K, 21 young (43008K), 2 survivors (4096K)
 Metaspace       used 59087K, committed 59584K, reserved 1114112K
  class space    used 6971K, committed 7232K, reserved 1048576K
}
Event: 3078.512 GC heap after
{Heap after GC invocations=19 (full 0):
 garbage-first heap   total 81920K, used 26876K [0x0000000705800000, 0x0000000800000000)
  region size 2048K, 2 young (4096K), 2 survivors (4096K)
 Metaspace       used 59087K, committed 59584K, reserved 1114112K
  class space    used 6971K, committed 7232K, reserved 1048576K
}
Event: 3523.565 GC heap before
{Heap before GC invocations=19 (full 0):
 garbage-first heap   total 81920K, used 67836K [0x0000000705800000, 0x0000000800000000)
  region size 2048K, 22 young (45056K), 2 survivors (4096K)
 Metaspace       used 59145K, committed 59712K, reserved 1114112K
  class space    used 6972K, committed 7232K, reserved 1048576K
}
Event: 3523.577 GC heap after
{Heap after GC invocations=20 (full 0):
 garbage-first heap   total 81920K, used 26947K [0x0000000705800000, 0x0000000800000000)
  region size 2048K, 2 young (4096K), 2 survivors (4096K)
 Metaspace       used 59145K, committed 59712K, reserved 1114112K
  class space    used 6972K, committed 7232K, reserved 1048576K
}
Event: 3979.262 GC heap before
{Heap before GC invocations=20 (full 0):
 garbage-first heap   total 81920K, used 67907K [0x0000000705800000, 0x0000000800000000)
  region size 2048K, 22 young (45056K), 2 survivors (4096K)
 Metaspace       used 59162K, committed 59712K, reserved 1114112K
  class space    used 6972K, committed 7232K, reserved 1048576K
}
Event: 3979.269 GC heap after
{Heap after GC invocations=21 (full 0):
 garbage-first heap   total 81920K, used 27106K [0x0000000705800000, 0x0000000800000000)
  region size 2048K, 2 young (4096K), 2 survivors (4096K)
 Metaspace       used 59162K, committed 59712K, reserved 1114112K
  class space    used 6972K, committed 7232K, reserved 1048576K
}

